<?xml version="1.0" encoding="UTF-8"?>
<!-- Generated by org.testng.reporters.JUnitXMLReporter -->
<testsuite ignored="0" hostname="DESKTOP-O4D5SV2" failures="1" tests="3" name="Test" time="0.213" errors="0" timestamp="2023-06-30T10:33:26 IST">
  <testcase classname="Listeners_Dataproviders300623.Runnerscript_Listener" name="test1" time="0.024"/>
  <testcase classname="Listeners_Dataproviders300623.Runnerscript_Listener" name="test2" time="0.011">
    <failure type="java.lang.AssertionError" message="null">
      <![CDATA[java.lang.AssertionError: null
at Listeners_Dataproviders300623.Runnerscript_Listener.test2(Runnerscript_Listener.java:18)
at java.base/java.util.ArrayList.forEach(ArrayList.java:1511)
... Removed 29 stack frames]]>
    </failure>
  </testcase> <!-- test2 -->
  <testcase classname="Listeners_Dataproviders300623.Runnerscript_Listener" name="test3" time="0.001">
    <skipped/>
  </testcase> <!-- test3 -->
</testsuite> <!-- Test -->
